2026-07-15 22:12:14,430 INFO: HTTP Request: POST http://127.0.0.1:11434/api/chat "HTTP/1.1 200 OK"
2026-07-15 22:15:43,277 INFO: HTTP Request: POST http://127.0.0.1:11434/api/chat "HTTP/1.1 200 OK"
2026-07-15 22:15:43,323 INFO: Could not import comtypes.gen, trying to create it.
2026-07-15 22:15:43,324 INFO: Created comtypes.gen directory: 'C:\Users\kumar\roha-ai\.venv\Lib\site-packages\comtypes\gen'
2026-07-15 22:15:43,324 INFO: Writing __init__.py file: 'C:\Users\kumar\roha-ai\.venv\Lib\site-packages\comtypes\gen\__init__.py'
2026-07-15 22:15:43,326 INFO: Using writeable comtypes cache directory: 'C:\Users\kumar\roha-ai\.venv\Lib\site-packages\comtypes\gen'
2026-07-15 22:15:43,346 INFO: Could not import comtypes.gen._C866CA3A_32F7_11D2_9602_00C04F8EE628_0_5_4: No module named 'comtypes.gen._C866CA3A_32F7_11D2_9602_00C04F8EE628_0_5_4'
2026-07-15 22:15:43,352 INFO: # Generating comtypes.gen._C866CA3A_32F7_11D2_9602_00C04F8EE628_0_5_4
2026-07-15 22:15:43,418 INFO: # Generating comtypes.gen.SpeechLib
2026-07-15 22:15:43,425 INFO: Could not import comtypes.gen._00020430_0000_0000_C000_000000000046_0_2_0: No module named 'comtypes.gen._00020430_0000_0000_C000_000000000046_0_2_0'
2026-07-15 22:15:43,426 INFO: # Generating comtypes.gen._00020430_0000_0000_C000_000000000046_0_2_0
2026-07-15 22:15:43,431 INFO: # Generating comtypes.gen.stdole
2026-07-15 22:24:17,763 INFO: HTTP Request: POST http://127.0.0.1:11434/api/chat "HTTP/1.1 200 OK"
2026-07-15 22:24:17,809 INFO: Imported existing <module 'comtypes.gen' from 'C:\\Users\\kumar\\roha-ai\\.venv\\Lib\\site-packages\\comtypes\\gen\\__init__.py'>
2026-07-15 22:24:17,809 INFO: Using writeable comtypes cache directory: 'C:\Users\kumar\roha-ai\.venv\Lib\site-packages\comtypes\gen'
2026-07-15 22:24:56,942 INFO: HTTP Request: POST http://127.0.0.1:11434/api/chat "HTTP/1.1 200 OK"
2026-07-15 22:31:15,061 INFO: Imported existing <module 'comtypes.gen' from 'C:\\Users\\kumar\\roha-ai\\.venv\\Lib\\site-packages\\comtypes\\gen\\__init__.py'>
2026-07-15 22:31:15,062 INFO: Using writeable comtypes cache directory: 'C:\Users\kumar\roha-ai\.venv\Lib\site-packages\comtypes\gen'
2026-07-15 22:31:15,142 INFO: TTS initialized
2026-07-15 22:31:27,207 INFO: HTTP Request: POST http://127.0.0.1:11434/api/chat "HTTP/1.1 200 OK"
2026-07-15 22:32:31,995 INFO: Imported existing <module 'comtypes.gen' from 'C:\\Users\\kumar\\roha-ai\\.venv\\Lib\\site-packages\\comtypes\\gen\\__init__.py'>
2026-07-15 22:32:31,996 INFO: Using writeable comtypes cache directory: 'C:\Users\kumar\roha-ai\.venv\Lib\site-packages\comtypes\gen'
2026-07-15 22:32:32,074 INFO: TTS initialized
2026-07-15 22:32:37,856 INFO: HTTP Request: POST http://127.0.0.1:11434/api/chat "HTTP/1.1 200 OK"
2026-07-15 22:35:28,418 INFO: Imported existing <module 'comtypes.gen' from 'C:\\Users\\kumar\\roha-ai\\.venv\\Lib\\site-packages\\comtypes\\gen\\__init__.py'>
2026-07-15 22:35:28,418 INFO: Using writeable comtypes cache directory: 'C:\Users\kumar\roha-ai\.venv\Lib\site-packages\comtypes\gen'
2026-07-15 22:35:28,499 INFO: TTS initialized
2026-07-15 22:35:35,075 INFO: HTTP Request: POST http://127.0.0.1:11434/api/chat "HTTP/1.1 200 OK"
2026-07-15 22:36:06,051 INFO: HTTP Request: POST http://127.0.0.1:11434/api/chat "HTTP/1.1 200 OK"
2026-07-15 22:40:30,764 INFO: Imported existing <module 'comtypes.gen' from 'C:\\Users\\kumar\\roha-ai\\.venv\\Lib\\site-packages\\comtypes\\gen\\__init__.py'>
2026-07-15 22:40:30,764 INFO: Using writeable comtypes cache directory: 'C:\Users\kumar\roha-ai\.venv\Lib\site-packages\comtypes\gen'
2026-07-15 22:40:30,848 INFO: TTS engine ready on worker thread
2026-07-15 22:40:30,848 INFO: TTS initialized
2026-07-15 22:40:35,191 INFO: HTTP Request: POST http://127.0.0.1:11434/api/chat "HTTP/1.1 200 OK"
2026-07-15 22:49:43,273 INFO: TTS shut down
2026-07-15 23:04:42,570 INFO: Imported existing <module 'comtypes.gen' from 'C:\\Users\\kumar\\roha-ai\\.venv\\Lib\\site-packages\\comtypes\\gen\\__init__.py'>
2026-07-15 23:04:42,571 INFO: Using writeable comtypes cache directory: 'C:\Users\kumar\roha-ai\.venv\Lib\site-packages\comtypes\gen'
2026-07-15 23:04:42,703 INFO: TTS engine ready on worker thread
2026-07-15 23:04:42,703 INFO: TTS initialized
2026-07-15 23:04:53,757 INFO: HTTP Request: POST http://127.0.0.1:11434/api/chat "HTTP/1.1 200 OK"
2026-07-15 23:04:53,773 INFO: TTS enqueued 34 chars (queue size=1)
2026-07-15 23:05:31,568 INFO: TTS shut down
2026-07-15 23:06:48,808 INFO: Imported existing <module 'comtypes.gen' from 'C:\\Users\\kumar\\roha-ai\\.venv\\Lib\\site-packages\\comtypes\\gen\\__init__.py'>
2026-07-15 23:06:48,808 INFO: Using writeable comtypes cache directory: 'C:\Users\kumar\roha-ai\.venv\Lib\site-packages\comtypes\gen'
2026-07-15 23:06:48,930 INFO: TTS engine ready on worker thread
2026-07-15 23:06:48,931 INFO: TTS initialized
2026-07-15 23:06:53,331 INFO: HTTP Request: POST http://127.0.0.1:11434/api/chat "HTTP/1.1 200 OK"
2026-07-15 23:06:53,348 INFO: TTS enqueued 34 chars (queue size=1)
2026-07-15 23:10:11,657 INFO: TTS shut down
2026-07-15 23:10:51,027 INFO: Imported existing <module 'comtypes.gen' from 'C:\\Users\\kumar\\roha-ai\\.venv\\Lib\\site-packages\\comtypes\\gen\\__init__.py'>
2026-07-15 23:10:51,028 INFO: Using writeable comtypes cache directory: 'C:\Users\kumar\roha-ai\.venv\Lib\site-packages\comtypes\gen'
2026-07-15 23:10:51,145 INFO: TTS engine ready on worker thread
2026-07-15 23:10:51,146 INFO: TTS worker loop starting
2026-07-15 23:10:51,146 INFO: TTS initialized
2026-07-15 23:10:55,816 INFO: HTTP Request: POST http://127.0.0.1:11434/api/chat "HTTP/1.1 200 OK"
2026-07-15 23:10:55,832 INFO: TTS enqueued 34 chars (queue size=1)
2026-07-15 23:10:55,832 INFO: TTS speaking (chars=34)
2026-07-15 23:10:55,833 INFO: TTS status after enqueue: {'enabled': True, 'engine': True, 'worker_alive': True, 'queue_size': 0}
2026-07-15 23:10:59,387 INFO: TTS finished speaking
2026-07-15 23:15:37,989 INFO: Imported existing <module 'comtypes.gen' from 'C:\\Users\\kumar\\roha-ai\\.venv\\Lib\\site-packages\\comtypes\\gen\\__init__.py'>
2026-07-15 23:15:37,989 INFO: Using writeable comtypes cache directory: 'C:\Users\kumar\roha-ai\.venv\Lib\site-packages\comtypes\gen'
2026-07-15 23:15:38,119 INFO: TTS engine ready on worker thread
2026-07-15 23:15:38,119 INFO: TTS worker loop starting
2026-07-15 23:15:38,120 INFO: TTS initialized
2026-07-15 23:15:51,004 INFO: HTTP Request: POST http://127.0.0.1:11434/api/chat "HTTP/1.1 200 OK"
2026-07-15 23:15:51,009 INFO: TTS enqueued 34 chars (queue size=1)
2026-07-15 23:15:51,009 INFO: TTS speaking (chars=34)
2026-07-15 23:15:51,009 INFO: TTS status after enqueue: {'enabled': True, 'engine': True, 'worker_alive': True, 'queue_size': 0}
2026-07-15 23:15:54,425 INFO: TTS finished speaking
2026-07-15 23:16:12,833 INFO: HTTP Request: POST http://127.0.0.1:11434/api/chat "HTTP/1.1 200 OK"
2026-07-15 23:16:12,897 INFO: TTS enqueued 354 chars (queue size=1)
2026-07-15 23:16:12,897 INFO: TTS speaking (chars=354)
2026-07-15 23:16:12,897 INFO: TTS status after enqueue: {'enabled': True, 'engine': True, 'worker_alive': True, 'queue_size': 0}
2026-07-15 23:16:13,194 INFO: TTS finished speaking
2026-07-15 23:16:30,589 INFO: TTS worker received shutdown signal
2026-07-15 23:16:30,590 INFO: TTS shut down
2026-07-15 23:16:38,918 INFO: Imported existing <module 'comtypes.gen' from 'C:\\Users\\kumar\\roha-ai\\.venv\\Lib\\site-packages\\comtypes\\gen\\__init__.py'>
2026-07-15 23:16:38,918 INFO: Using writeable comtypes cache directory: 'C:\Users\kumar\roha-ai\.venv\Lib\site-packages\comtypes\gen'
2026-07-15 23:16:39,040 INFO: TTS engine ready on worker thread
2026-07-15 23:16:39,041 INFO: TTS worker loop starting
2026-07-15 23:16:39,041 INFO: TTS initialized
2026-07-15 23:16:45,812 INFO: HTTP Request: POST http://127.0.0.1:11434/api/chat "HTTP/1.1 200 OK"
2026-07-15 23:16:45,833 INFO: TTS enqueued 34 chars (queue size=1)
2026-07-15 23:16:45,833 INFO: TTS speaking (chars=34)
2026-07-15 23:16:45,834 INFO: TTS status after enqueue: {'enabled': True, 'engine': True, 'worker_alive': True, 'queue_size': 0}
2026-07-15 23:16:49,004 INFO: TTS finished speaking
2026-07-15 23:16:59,285 INFO: HTTP Request: POST http://127.0.0.1:11434/api/chat "HTTP/1.1 200 OK"
2026-07-15 23:16:59,304 INFO: TTS enqueued 46 chars (queue size=1)
2026-07-15 23:16:59,304 INFO: TTS speaking (chars=46)
2026-07-15 23:16:59,304 INFO: TTS status after enqueue: {'enabled': True, 'engine': True, 'worker_alive': True, 'queue_size': 0}
2026-07-15 23:16:59,602 INFO: TTS finished speaking
2026-07-15 23:17:12,112 INFO: TTS worker received shutdown signal
2026-07-15 23:17:12,113 INFO: TTS shut down
2026-07-15 23:17:23,897 INFO: Imported existing <module 'comtypes.gen' from 'C:\\Users\\kumar\\roha-ai\\.venv\\Lib\\site-packages\\comtypes\\gen\\__init__.py'>
2026-07-15 23:17:23,898 INFO: Using writeable comtypes cache directory: 'C:\Users\kumar\roha-ai\.venv\Lib\site-packages\comtypes\gen'
2026-07-15 23:17:24,026 INFO: TTS engine ready on worker thread
2026-07-15 23:17:24,026 INFO: TTS worker loop starting
2026-07-15 23:17:24,027 INFO: TTS initialized
2026-07-15 23:17:37,417 INFO: HTTP Request: POST http://127.0.0.1:11434/api/chat "HTTP/1.1 200 OK"
2026-07-15 23:17:37,433 INFO: TTS enqueued 304 chars (queue size=1)
2026-07-15 23:17:37,433 INFO: TTS speaking (chars=304)
2026-07-15 23:17:37,433 INFO: TTS status after enqueue: {'enabled': True, 'engine': True, 'worker_alive': True, 'queue_size': 0}
2026-07-15 23:17:53,124 INFO: TTS finished speaking
2026-07-15 23:18:07,877 INFO: HTTP Request: POST http://127.0.0.1:11434/api/chat "HTTP/1.1 200 OK"
2026-07-15 23:18:07,896 INFO: TTS enqueued 301 chars (queue size=1)
2026-07-15 23:18:07,896 INFO: TTS speaking (chars=301)
2026-07-15 23:18:07,897 INFO: TTS status after enqueue: {'enabled': True, 'engine': True, 'worker_alive': True, 'queue_size': 0}
2026-07-15 23:18:08,219 INFO: TTS finished speaking
2026-07-15 23:18:51,128 INFO: TTS worker received shutdown signal
2026-07-15 23:18:51,130 INFO: TTS shut down
2026-07-15 23:22:59,776 INFO: Imported existing <module 'comtypes.gen' from 'C:\\Users\\kumar\\roha-ai\\.venv\\Lib\\site-packages\\comtypes\\gen\\__init__.py'>
2026-07-15 23:22:59,776 INFO: Using writeable comtypes cache directory: 'C:\Users\kumar\roha-ai\.venv\Lib\site-packages\comtypes\gen'
2026-07-15 23:22:59,893 INFO: TTS engine ready on worker thread
2026-07-15 23:22:59,893 INFO: TTS worker loop starting
2026-07-15 23:22:59,893 INFO: TTS initialized
2026-07-15 23:23:04,215 INFO: HTTP Request: POST http://127.0.0.1:11434/api/chat "HTTP/1.1 200 OK"
2026-07-15 23:23:04,235 INFO: TTS enqueued 34 chars (queue size=1)
2026-07-15 23:23:04,235 INFO: TTS speaking (chars=34)
2026-07-15 23:23:04,235 INFO: TTS status after enqueue: {'enabled': True, 'engine': True, 'worker_alive': True, 'queue_size': 0}
2026-07-15 23:23:07,435 INFO: TTS finished speaking
2026-07-15 23:23:24,121 INFO: HTTP Request: POST http://127.0.0.1:11434/api/chat "HTTP/1.1 200 OK"
2026-07-15 23:23:24,127 INFO: TTS enqueued 433 chars (queue size=1)
2026-07-15 23:23:24,127 INFO: TTS speaking (chars=433)
2026-07-15 23:23:24,127 INFO: TTS status after enqueue: {'enabled': True, 'engine': True, 'worker_alive': True, 'queue_size': 0}
2026-07-15 23:23:24,432 INFO: TTS finished speaking
2026-07-15 23:23:48,628 INFO: TTS worker received shutdown signal
2026-07-15 23:23:48,629 INFO: TTS shut down
2026-07-15 23:26:54,896 INFO: Imported existing <module 'comtypes.gen' from 'C:\\Users\\kumar\\roha-ai\\.venv\\Lib\\site-packages\\comtypes\\gen\\__init__.py'>
2026-07-15 23:26:54,897 INFO: Using writeable comtypes cache directory: 'C:\Users\kumar\roha-ai\.venv\Lib\site-packages\comtypes\gen'
2026-07-15 23:26:55,020 INFO: TTS engine ready on worker thread
2026-07-15 23:26:55,020 INFO: TTS worker loop starting
2026-07-15 23:26:55,020 INFO: TTS initialized
2026-07-15 23:27:02,305 INFO: HTTP Request: POST http://127.0.0.1:11434/api/chat "HTTP/1.1 200 OK"
2026-07-15 23:27:02,327 INFO: TTS enqueued 34 chars (queue size=1)
2026-07-15 23:27:02,328 INFO: TTS speaking (chars=34)
2026-07-15 23:27:05,514 INFO: TTS finished speaking
2026-07-15 23:27:05,515 INFO: TTS status after enqueue: {'enabled': True, 'engine': True, 'worker_alive': True, 'queue_size': 0}
2026-07-15 23:27:09,041 INFO: HTTP Request: POST http://127.0.0.1:11434/api/chat "HTTP/1.1 200 OK"
2026-07-15 23:27:09,050 INFO: TTS enqueued 138 chars (queue size=1)
2026-07-15 23:27:09,050 INFO: TTS speaking (chars=138)
2026-07-15 23:27:09,339 INFO: TTS finished speaking
2026-07-15 23:27:09,339 INFO: TTS status after enqueue: {'enabled': True, 'engine': True, 'worker_alive': True, 'queue_size': 0}
2026-07-15 23:27:17,740 INFO: HTTP Request: POST http://127.0.0.1:11434/api/chat "HTTP/1.1 200 OK"
2026-07-15 23:27:17,762 INFO: TTS enqueued 228 chars (queue size=1)
2026-07-15 23:27:17,762 INFO: TTS speaking (chars=228)
2026-07-15 23:27:18,059 INFO: TTS finished speaking
2026-07-15 23:27:18,059 INFO: TTS status after enqueue: {'enabled': True, 'engine': True, 'worker_alive': True, 'queue_size': 0}
2026-07-15 23:27:20,985 INFO: HTTP Request: POST http://127.0.0.1:11434/api/chat "HTTP/1.1 200 OK"
2026-07-15 23:27:21,007 INFO: TTS enqueued 90 chars (queue size=1)
2026-07-15 23:27:21,007 INFO: TTS speaking (chars=90)
2026-07-15 23:27:21,296 INFO: TTS finished speaking
2026-07-15 23:27:21,297 INFO: TTS status after enqueue: {'enabled': True, 'engine': True, 'worker_alive': True, 'queue_size': 0}
2026-07-15 23:27:26,816 INFO: TTS worker received shutdown signal
2026-07-15 23:27:26,817 INFO: TTS shut down
2026-07-15 23:29:18,482 INFO: Imported existing <module 'comtypes.gen' from 'C:\\Users\\kumar\\roha-ai\\.venv\\Lib\\site-packages\\comtypes\\gen\\__init__.py'>
2026-07-15 23:29:18,482 INFO: Using writeable comtypes cache directory: 'C:\Users\kumar\roha-ai\.venv\Lib\site-packages\comtypes\gen'
2026-07-15 23:29:18,565 INFO: TTS engine ready on worker thread
2026-07-15 23:29:18,565 INFO: TTS worker loop starting
2026-07-15 23:29:18,565 INFO: TTS initialized
2026-07-15 23:29:25,573 INFO: HTTP Request: POST http://127.0.0.1:11434/api/chat "HTTP/1.1 200 OK"
2026-07-15 23:29:25,595 INFO: TTS enqueued 34 chars (queue size=1)
2026-07-15 23:29:25,597 INFO: TTS speaking (chars=34)
2026-07-15 23:29:28,700 INFO: TTS finished speaking
2026-07-15 23:29:28,702 INFO: TTS status after enqueue: {'enabled': True, 'engine': False, 'worker_alive': True, 'queue_size': 0}
2026-07-15 23:29:31,064 INFO: HTTP Request: POST http://127.0.0.1:11434/api/chat "HTTP/1.1 200 OK"
2026-07-15 23:29:31,080 INFO: TTS enqueued 49 chars (queue size=1)
2026-07-15 23:29:31,121 INFO: TTS speaking (chars=49)
2026-07-15 23:29:34,574 INFO: TTS finished speaking
2026-07-15 23:29:34,576 INFO: TTS status after enqueue: {'enabled': True, 'engine': False, 'worker_alive': True, 'queue_size': 0}
2026-07-15 23:29:41,173 INFO: HTTP Request: POST http://127.0.0.1:11434/api/chat "HTTP/1.1 200 OK"
2026-07-15 23:29:41,190 INFO: TTS enqueued 344 chars (queue size=1)
2026-07-15 23:29:41,219 INFO: TTS speaking (chars=344)
2026-07-15 23:30:45,457 INFO: Imported existing <module 'comtypes.gen' from 'C:\\Users\\kumar\\roha-ai\\.venv\\Lib\\site-packages\\comtypes\\gen\\__init__.py'>
2026-07-15 23:30:45,458 INFO: Using writeable comtypes cache directory: 'C:\Users\kumar\roha-ai\.venv\Lib\site-packages\comtypes\gen'
2026-07-15 23:30:45,533 INFO: TTS engine ready on worker thread
2026-07-15 23:30:45,533 INFO: TTS worker loop starting
2026-07-15 23:30:45,533 INFO: TTS initialized
2026-07-15 23:30:50,405 INFO: HTTP Request: POST http://127.0.0.1:11434/api/chat "HTTP/1.1 200 OK"
2026-07-15 23:30:50,422 INFO: TTS enqueued 34 chars (queue size=1)
2026-07-15 23:30:50,423 INFO: TTS speaking (chars=34)
2026-07-15 23:30:53,537 INFO: TTS finished speaking
2026-07-15 23:30:53,542 INFO: TTS status after enqueue: {'enabled': True, 'engine': False, 'worker_alive': True, 'queue_size': 0}
2026-07-15 23:31:05,407 INFO: HTTP Request: POST http://127.0.0.1:11434/api/chat "HTTP/1.1 200 OK"
2026-07-15 23:31:05,415 INFO: TTS enqueued 379 chars (queue size=1)
2026-07-15 23:31:05,448 INFO: TTS speaking (chars=379)
2026-07-15 23:31:25,332 INFO: TTS finished speaking
2026-07-15 23:31:25,337 INFO: TTS status after enqueue: {'enabled': True, 'engine': False, 'worker_alive': True, 'queue_size': 0}
2026-07-15 23:31:49,132 INFO: HTTP Request: POST http://127.0.0.1:11434/api/chat "HTTP/1.1 200 OK"
2026-07-15 23:31:49,148 INFO: TTS enqueued 401 chars (queue size=1)
2026-07-15 23:31:49,184 INFO: TTS speaking (chars=401)
2026-07-15 23:32:10,695 INFO: TTS finished speaking
2026-07-15 23:32:10,701 INFO: TTS status after enqueue: {'enabled': True, 'engine': False, 'worker_alive': True, 'queue_size': 0}
2026-07-15 23:33:56,751 INFO: TTS worker received shutdown signal
2026-07-15 23:33:56,752 INFO: TTS shut down
2026-07-15 23:34:12,662 INFO: Imported existing <module 'comtypes.gen' from 'C:\\Users\\kumar\\roha-ai\\.venv\\Lib\\site-packages\\comtypes\\gen\\__init__.py'>
2026-07-15 23:34:12,662 INFO: Using writeable comtypes cache directory: 'C:\Users\kumar\roha-ai\.venv\Lib\site-packages\comtypes\gen'
2026-07-15 23:34:12,741 INFO: TTS engine ready on worker thread
2026-07-15 23:34:12,741 INFO: TTS worker loop starting
2026-07-15 23:34:12,741 INFO: TTS initialized
2026-07-15 23:34:18,772 INFO: HTTP Request: POST http://127.0.0.1:11434/api/chat "HTTP/1.1 200 OK"
2026-07-15 23:34:18,787 INFO: TTS enqueued 34 chars (queue size=1)
2026-07-15 23:34:18,788 INFO: TTS speaking (chars=34)
2026-07-15 23:34:21,964 INFO: TTS finished speaking
2026-07-15 23:34:21,966 INFO: TTS status after enqueue: {'enabled': True, 'engine': False, 'worker_alive': True, 'queue_size': 0}
2026-07-15 23:34:37,927 INFO: HTTP Request: POST http://127.0.0.1:11434/api/chat "HTTP/1.1 200 OK"
2026-07-15 23:34:37,933 INFO: TTS enqueued 145 chars (queue size=1)
2026-07-15 23:34:37,965 INFO: TTS speaking (chars=145)
2026-07-15 23:34:47,925 INFO: TTS finished speaking
2026-07-15 23:34:47,929 INFO: TTS status after enqueue: {'enabled': True, 'engine': False, 'worker_alive': True, 'queue_size': 0}
2026-07-15 23:36:12,663 INFO: TTS worker received shutdown signal
2026-07-15 23:36:12,664 INFO: TTS shut down
2026-07-15 23:37:40,414 INFO: Imported existing <module 'comtypes.gen' from 'C:\\Users\\kumar\\roha-ai\\.venv\\Lib\\site-packages\\comtypes\\gen\\__init__.py'>
2026-07-15 23:37:40,414 INFO: Using writeable comtypes cache directory: 'C:\Users\kumar\roha-ai\.venv\Lib\site-packages\comtypes\gen'
2026-07-15 23:37:40,494 INFO: TTS engine ready on worker thread
2026-07-15 23:37:40,494 INFO: TTS worker loop starting
2026-07-15 23:37:40,494 INFO: TTS initialized
2026-07-15 23:37:44,438 INFO: HTTP Request: POST http://127.0.0.1:11434/api/chat "HTTP/1.1 200 OK"
2026-07-15 23:37:44,455 INFO: TTS enqueued 34 chars (queue size=1)
2026-07-15 23:37:44,456 INFO: TTS speaking (chars=34)
2026-07-15 23:37:47,566 INFO: TTS finished speaking
2026-07-15 23:37:47,571 INFO: TTS status after enqueue: {'enabled': True, 'engine': False, 'worker_alive': True, 'queue_size': 0}
2026-07-15 23:38:04,831 INFO: HTTP Request: POST http://127.0.0.1:11434/api/chat "HTTP/1.1 200 OK"
2026-07-15 23:38:04,837 INFO: TTS enqueued 128 chars (queue size=1)
2026-07-15 23:38:04,874 INFO: TTS speaking (chars=128)
2026-07-15 23:38:13,076 INFO: TTS finished speaking
2026-07-15 23:38:13,078 INFO: TTS status after enqueue: {'enabled': True, 'engine': False, 'worker_alive': True, 'queue_size': 0}
2026-07-15 23:41:37,431 INFO: TTS worker received shutdown signal
2026-07-15 23:41:37,432 INFO: TTS shut down
2026-07-15 23:42:26,429 INFO: Imported existing <module 'comtypes.gen' from 'C:\\Users\\kumar\\roha-ai\\.venv\\Lib\\site-packages\\comtypes\\gen\\__init__.py'>
2026-07-15 23:42:26,429 INFO: Using writeable comtypes cache directory: 'C:\Users\kumar\roha-ai\.venv\Lib\site-packages\comtypes\gen'
2026-07-15 23:42:26,507 INFO: TTS engine ready on worker thread
2026-07-15 23:42:26,507 INFO: TTS worker loop starting
2026-07-15 23:42:26,508 INFO: TTS initialized
2026-07-15 23:42:32,567 INFO: HTTP Request: POST http://127.0.0.1:11434/api/chat "HTTP/1.1 200 OK"
2026-07-15 23:42:32,588 INFO: TTS enqueued 34 chars (queue size=1)
2026-07-15 23:42:32,590 INFO: TTS speaking (chars=34)
2026-07-15 23:42:35,705 INFO: TTS finished speaking
2026-07-15 23:42:35,710 INFO: TTS status after enqueue: {'enabled': True, 'engine': False, 'worker_alive': True, 'queue_size': 0}
2026-07-15 23:42:51,054 INFO: HTTP Request: POST http://127.0.0.1:11434/api/chat "HTTP/1.1 200 OK"
2026-07-15 23:42:51,073 INFO: TTS enqueued 132 chars (queue size=1)
2026-07-15 23:42:51,101 INFO: TTS speaking (chars=132)
2026-07-15 23:42:59,671 INFO: TTS finished speaking
2026-07-15 23:42:59,678 INFO: TTS status after enqueue: {'enabled': True, 'engine': False, 'worker_alive': True, 'queue_size': 0}
2026-07-15 23:47:03,372 INFO: TTS worker received shutdown signal
2026-07-15 23:47:03,373 INFO: TTS shut down
2026-07-16 19:12:35,021 INFO: Imported existing <module 'comtypes.gen' from 'C:\\Users\\kumar\\roha-ai\\.venv\\Lib\\site-packages\\comtypes\\gen\\__init__.py'>
2026-07-16 19:12:35,021 INFO: Using writeable comtypes cache directory: 'C:\Users\kumar\roha-ai\.venv\Lib\site-packages\comtypes\gen'
2026-07-16 19:12:35,100 INFO: Could not import comtypes.gen._C866CA3A_32F7_11D2_9602_00C04F8EE628_0_5_4: Typelib different than module
2026-07-16 19:12:35,105 INFO: # Generating comtypes.gen._C866CA3A_32F7_11D2_9602_00C04F8EE628_0_5_4
2026-07-16 19:12:35,184 INFO: # Generating comtypes.gen.SpeechLib
2026-07-16 19:12:35,629 INFO: TTS engine ready on worker thread
2026-07-16 19:12:35,629 INFO: TTS worker loop starting
2026-07-16 19:12:35,630 INFO: TTS initialized
2026-07-16 19:12:48,310 INFO: HTTP Request: POST http://127.0.0.1:11434/api/chat "HTTP/1.1 200 OK"
2026-07-16 19:12:48,331 INFO: TTS enqueued 34 chars (queue size=1)
2026-07-16 19:12:48,336 INFO: TTS speaking (chars=34)
2026-07-16 19:12:51,988 INFO: TTS finished speaking
2026-07-16 19:12:51,991 INFO: TTS status after enqueue: {'enabled': True, 'engine': False, 'worker_alive': True, 'queue_size': 0}
2026-07-16 19:13:39,528 INFO: HTTP Request: POST http://127.0.0.1:11434/api/chat "HTTP/1.1 200 OK"
2026-07-16 19:13:39,553 INFO: TTS enqueued 426 chars (queue size=1)
2026-07-16 19:13:39,593 INFO: TTS speaking (chars=426)
2026-07-16 19:14:02,517 INFO: TTS finished speaking
2026-07-16 19:14:02,525 INFO: TTS status after enqueue: {'enabled': True, 'engine': False, 'worker_alive': True, 'queue_size': 0}
2026-07-16 19:14:19,349 INFO: HTTP Request: POST http://127.0.0.1:11434/api/chat "HTTP/1.1 200 OK"
2026-07-16 19:14:19,367 INFO: TTS enqueued 561 chars (queue size=1)
2026-07-16 19:14:19,404 INFO: TTS speaking (chars=561)
2026-07-16 19:14:50,053 INFO: TTS finished speaking
2026-07-16 19:14:50,060 INFO: TTS status after enqueue: {'enabled': True, 'engine': False, 'worker_alive': True, 'queue_size': 0}
2026-07-16 19:15:04,555 INFO: HTTP Request: POST http://127.0.0.1:11434/api/chat "HTTP/1.1 200 OK"
2026-07-16 19:15:04,569 INFO: TTS enqueued 147 chars (queue size=1)
2026-07-16 19:15:04,607 INFO: TTS speaking (chars=147)
2026-07-16 19:15:15,533 INFO: TTS finished speaking
2026-07-16 19:15:15,539 INFO: TTS status after enqueue: {'enabled': True, 'engine': False, 'worker_alive': True, 'queue_size': 0}
2026-07-16 19:15:28,661 INFO: TTS worker received shutdown signal
2026-07-16 19:15:28,662 INFO: TTS shut down
2026-07-16 19:20:10,331 INFO: Imported existing <module 'comtypes.gen' from 'C:\\Users\\kumar\\roha-ai\\.venv\\Lib\\site-packages\\comtypes\\gen\\__init__.py'>
2026-07-16 19:20:10,332 INFO: Using writeable comtypes cache directory: 'C:\Users\kumar\roha-ai\.venv\Lib\site-packages\comtypes\gen'
2026-07-16 19:20:23,978 INFO: Previewing voice: HKEY_LOCAL_MACHINE\SOFTWARE\Microsoft\Speech\Voices\Tokens\TTS_MS_EN-US_DAVID_11.0
2026-07-16 19:20:36,523 INFO: Previewing voice: HKEY_LOCAL_MACHINE\SOFTWARE\Microsoft\Speech\Voices\Tokens\TTS_MS_EN-US_ZIRA_11.0
2026-07-16 19:20:45,525 INFO: TTS engine ready on worker thread
2026-07-16 19:20:45,525 INFO: TTS worker loop starting
2026-07-16 19:20:45,525 INFO: TTS initialized
2026-07-16 19:23:07,606 INFO: TTS worker received shutdown signal
2026-07-16 19:23:07,607 INFO: TTS shut down
2026-07-16 19:23:18,065 INFO: Imported existing <module 'comtypes.gen' from 'C:\\Users\\kumar\\roha-ai\\.venv\\Lib\\site-packages\\comtypes\\gen\\__init__.py'>
2026-07-16 19:23:18,065 INFO: Using writeable comtypes cache directory: 'C:\Users\kumar\roha-ai\.venv\Lib\site-packages\comtypes\gen'
2026-07-16 19:23:21,887 INFO: Previewing voice: HKEY_LOCAL_MACHINE\SOFTWARE\Microsoft\Speech\Voices\Tokens\TTS_MS_EN-US_ZIRA_11.0
2026-07-16 19:23:31,854 INFO: TTS engine ready on worker thread
2026-07-16 19:23:31,854 INFO: TTS worker loop starting
2026-07-16 19:23:31,854 INFO: TTS initialized
2026-07-16 19:23:45,824 INFO: HTTP Request: POST http://127.0.0.1:11434/api/chat "HTTP/1.1 200 OK"
2026-07-16 19:23:45,840 INFO: TTS enqueued 34 chars (queue size=1)
2026-07-16 19:23:45,843 INFO: TTS speaking (chars=34)
2026-07-16 19:23:49,760 INFO: TTS finished speaking
2026-07-16 19:23:49,767 INFO: TTS status after enqueue: {'enabled': True, 'engine': False, 'worker_alive': True, 'queue_size': 0}
2026-07-16 19:24:04,077 INFO: HTTP Request: POST http://127.0.0.1:11434/api/chat "HTTP/1.1 200 OK"
2026-07-16 19:24:04,084 INFO: TTS enqueued 148 chars (queue size=1)
2026-07-16 19:24:04,124 INFO: TTS speaking (chars=148)
2026-07-16 19:24:13,829 INFO: TTS finished speaking
2026-07-16 19:24:13,837 INFO: TTS status after enqueue: {'enabled': True, 'engine': False, 'worker_alive': True, 'queue_size': 0}
2026-07-16 19:24:23,649 INFO: TTS worker received shutdown signal
2026-07-16 19:24:23,650 INFO: TTS shut down
2026-07-16 19:26:03,175 INFO: Imported existing <module 'comtypes.gen' from 'C:\\Users\\kumar\\roha-ai\\.venv\\Lib\\site-packages\\comtypes\\gen\\__init__.py'>
2026-07-16 19:26:03,175 INFO: Using writeable comtypes cache directory: 'C:\Users\kumar\roha-ai\.venv\Lib\site-packages\comtypes\gen'
2026-07-16 19:26:03,341 INFO: TTS engine ready on worker thread
2026-07-16 19:26:03,341 INFO: TTS worker loop starting
2026-07-16 19:26:03,342 INFO: TTS initialized
2026-07-16 19:26:08,055 INFO: HTTP Request: POST http://127.0.0.1:11434/api/chat "HTTP/1.1 200 OK"
2026-07-16 19:26:08,072 INFO: TTS enqueued 34 chars (queue size=1)
2026-07-16 19:26:08,074 INFO: TTS speaking (chars=34)
2026-07-16 19:26:12,012 INFO: TTS finished speaking
2026-07-16 19:26:12,016 INFO: TTS status after enqueue: {'enabled': True, 'engine': False, 'worker_alive': True, 'queue_size': 0}
2026-07-16 19:29:04,420 INFO: HTTP Request: POST http://127.0.0.1:11434/api/chat "HTTP/1.1 200 OK"
2026-07-16 19:29:04,437 INFO: TTS enqueued 810 chars (queue size=1)
2026-07-16 19:29:04,494 INFO: TTS speaking (chars=810)
2026-07-16 19:30:00,640 INFO: TTS finished speaking
2026-07-16 19:30:00,648 INFO: TTS status after enqueue: {'enabled': True, 'engine': False, 'worker_alive': True, 'queue_size': 0}
2026-07-16 19:30:04,447 INFO: TTS worker received shutdown signal
2026-07-16 19:30:04,447 INFO: TTS shut down
2026-07-16 19:30:14,992 INFO: Imported existing <module 'comtypes.gen' from 'C:\\Users\\kumar\\roha-ai\\.venv\\Lib\\site-packages\\comtypes\\gen\\__init__.py'>
2026-07-16 19:30:14,993 INFO: Using writeable comtypes cache directory: 'C:\Users\kumar\roha-ai\.venv\Lib\site-packages\comtypes\gen'
2026-07-16 19:30:15,148 INFO: TTS engine ready on worker thread
2026-07-16 19:30:15,148 INFO: TTS worker loop starting
2026-07-16 19:30:15,148 INFO: TTS initialized
2026-07-16 19:30:19,870 INFO: HTTP Request: POST http://127.0.0.1:11434/api/chat "HTTP/1.1 200 OK"
2026-07-16 19:30:19,885 INFO: TTS enqueued 34 chars (queue size=1)
2026-07-16 19:30:19,887 INFO: TTS speaking (chars=34)
2026-07-16 19:30:23,070 INFO: TTS finished speaking
2026-07-16 19:30:23,075 INFO: TTS status after enqueue: {'enabled': True, 'engine': False, 'worker_alive': True, 'queue_size': 0}
2026-07-16 19:30:39,447 INFO: HTTP Request: POST http://127.0.0.1:11434/api/chat "HTTP/1.1 200 OK"
2026-07-16 19:30:39,464 INFO: TTS enqueued 216 chars (queue size=1)
2026-07-16 19:30:39,507 INFO: TTS speaking (chars=216)
2026-07-16 19:30:52,005 INFO: TTS finished speaking
2026-07-16 19:30:52,010 INFO: TTS status after enqueue: {'enabled': True, 'engine': False, 'worker_alive': True, 'queue_size': 0}
2026-07-16 19:31:18,121 INFO: HTTP Request: POST http://127.0.0.1:11434/api/chat "HTTP/1.1 200 OK"
2026-07-16 19:31:18,125 INFO: TTS enqueued 45 chars (queue size=1)
2026-07-16 19:31:18,164 INFO: TTS speaking (chars=45)
2026-07-16 19:31:21,730 INFO: TTS finished speaking
2026-07-16 19:31:21,733 INFO: TTS status after enqueue: {'enabled': True, 'engine': False, 'worker_alive': True, 'queue_size': 0}
2026-07-16 19:32:33,043 INFO: TTS worker received shutdown signal
2026-07-16 19:32:33,044 INFO: TTS shut down
2026-07-16 19:32:44,421 INFO: Imported existing <module 'comtypes.gen' from 'C:\\Users\\kumar\\roha-ai\\.venv\\Lib\\site-packages\\comtypes\\gen\\__init__.py'>
2026-07-16 19:32:44,422 INFO: Using writeable comtypes cache directory: 'C:\Users\kumar\roha-ai\.venv\Lib\site-packages\comtypes\gen'
2026-07-16 19:32:44,576 INFO: TTS engine ready on worker thread
2026-07-16 19:32:44,576 INFO: TTS worker loop starting
2026-07-16 19:32:44,577 INFO: TTS initialized
2026-07-16 19:32:48,939 INFO: HTTP Request: POST http://127.0.0.1:11434/api/chat "HTTP/1.1 200 OK"
2026-07-16 19:32:48,956 INFO: TTS enqueued 34 chars (queue size=1)
2026-07-16 19:32:48,957 INFO: TTS speaking (chars=34)
2026-07-16 19:32:52,140 INFO: TTS finished speaking
2026-07-16 19:32:52,143 INFO: TTS status after enqueue: {'enabled': True, 'engine': False, 'worker_alive': True, 'queue_size': 0}
2026-07-16 19:32:56,127 INFO: TTS worker received shutdown signal
2026-07-16 19:32:56,127 INFO: TTS shut down
2026-07-16 19:34:50,214 WARNING: pyttsx3 not installed; cannot list voices
2026-07-16 19:34:50,216 WARNING: pyttsx3 not installed; TTS disabled
2026-07-16 19:34:50,216 WARNING: TTSManager created but not enabled; falling back to no TTS
2026-07-16 19:34:50,216 INFO: TTS disabled via environment
2026-07-16 19:39:03,788 INFO: Imported existing <module 'comtypes.gen' from 'c:\\Users\\kumar\\roha-ai\\.venv\\Lib\\site-packages\\comtypes\\gen\\__init__.py'>
2026-07-16 19:39:03,788 INFO: Using writeable comtypes cache directory: 'c:\Users\kumar\roha-ai\.venv\Lib\site-packages\comtypes\gen'
2026-07-16 19:39:03,989 INFO: TTS engine ready on worker thread
2026-07-16 19:39:03,989 INFO: TTS worker loop starting
2026-07-16 19:39:03,989 INFO: TTS initialized
2026-07-16 19:39:04,736 INFO: TTS worker received shutdown signal
2026-07-16 19:39:04,736 INFO: TTS shut down
2026-07-16 19:41:24,156 INFO: Imported existing <module 'comtypes.gen' from 'C:\\Users\\kumar\\roha-ai\\.venv\\Lib\\site-packages\\comtypes\\gen\\__init__.py'>
2026-07-16 19:41:24,156 INFO: Using writeable comtypes cache directory: 'C:\Users\kumar\roha-ai\.venv\Lib\site-packages\comtypes\gen'
2026-07-16 19:41:24,317 INFO: TTS engine ready on worker thread
2026-07-16 19:41:24,318 INFO: TTS worker loop starting
2026-07-16 19:41:24,318 INFO: TTS initialized
2026-07-16 19:41:44,261 INFO: HTTP Request: POST http://127.0.0.1:11434/api/chat "HTTP/1.1 200 OK"
2026-07-16 19:41:44,277 INFO: TTS enqueued 34 chars (queue size=1)
2026-07-16 19:41:44,278 INFO: TTS speaking (chars=34)
2026-07-16 19:41:47,455 INFO: TTS finished speaking
2026-07-16 19:41:47,459 INFO: TTS status after enqueue: {'enabled': True, 'engine': False, 'worker_alive': True, 'queue_size': 0}
2026-07-16 19:41:51,665 INFO: TTS worker received shutdown signal
2026-07-16 19:41:51,665 INFO: TTS shut down
2026-07-16 19:58:28,465 INFO: Imported existing <module 'comtypes.gen' from 'C:\\Users\\kumar\\roha-ai\\.venv\\Lib\\site-packages\\comtypes\\gen\\__init__.py'>
2026-07-16 19:58:28,465 INFO: Using writeable comtypes cache directory: 'C:\Users\kumar\roha-ai\.venv\Lib\site-packages\comtypes\gen'
2026-07-16 19:58:28,634 INFO: TTS engine ready on worker thread
2026-07-16 19:58:28,634 INFO: TTS worker loop starting
2026-07-16 19:58:28,634 INFO: TTS initialized
2026-07-16 20:10:52,594 INFO: HTTP Request: POST http://127.0.0.1:11434/api/chat "HTTP/1.1 200 OK"
2026-07-16 20:10:52,599 INFO: TTS enqueued 111 chars (queue size=1)
2026-07-16 20:10:52,602 INFO: TTS speaking (chars=111)
2026-07-16 20:11:00,543 INFO: TTS finished speaking
2026-07-16 20:11:00,549 INFO: TTS status after enqueue: {'enabled': True, 'engine': False, 'worker_alive': True, 'queue_size': 0}
2026-07-16 20:11:02,933 INFO: HTTP Request: POST http://127.0.0.1:11434/api/chat "HTTP/1.1 200 OK"
2026-07-16 20:11:02,950 INFO: TTS enqueued 161 chars (queue size=1)
2026-07-16 20:11:02,993 INFO: TTS speaking (chars=161)
